<?xml version='1.0' encoding='UTF-8'?>
<testsuite hostname="DESKTOP-I7B3M4O" name="MemorySpec" tests="1" errors="0" failures="0" skipped="0" time="2.782" timestamp="2021-04-20T16:01:05">
                     <properties>
[...]
</properties>
                     <testcase classname="MemorySpec" name="Register32 should pass" time="2.782">
                                                 
                                               </testcase>
                     <system-out><![CDATA[]]></system-out>
                     <system-err><![CDATA[]]></system-err>
                   </testsuite>